<?xml version="1.0" encoding="UTF-8"?>
<testng-results skipped="0" failed="0" total="2" passed="2">
  <reporter-output>
  </reporter-output>
  <suite name="Default suite" duration-ms="42364" started-at="2016-08-23T09:25:26Z" finished-at="2016-08-23T09:26:09Z">
    <groups>
    </groups>
    <test name="Default test" duration-ms="42364" started-at="2016-08-23T09:25:26Z" finished-at="2016-08-23T09:26:09Z">
      <class name="homework1.cn.homework1">
        <test-method status="PASS" signature="before()[pri:0, instance:homework1.cn.homework1@4aa0a82c]" name="before" is-config="true" duration-ms="25175" started-at="2016-08-23T17:25:26Z" finished-at="2016-08-23T17:25:52Z">
          <reporter-output>
          </reporter-output>
        </test-method> <!-- before -->
        <test-method status="PASS" signature="test1()[pri:0, instance:homework1.cn.homework1@4aa0a82c]" name="test1" duration-ms="7351" started-at="2016-08-23T17:25:52Z" finished-at="2016-08-23T17:25:59Z">
          <reporter-output>
          </reporter-output>
        </test-method> <!-- test1 -->
        <test-method status="PASS" signature="test2()[pri:0, instance:homework1.cn.homework1@4aa0a82c]" name="test2" duration-ms="6234" started-at="2016-08-23T17:25:59Z" finished-at="2016-08-23T17:26:05Z">
          <reporter-output>
          </reporter-output>
        </test-method> <!-- test2 -->
        <test-method status="PASS" signature="end()[pri:0, instance:homework1.cn.homework1@4aa0a82c]" name="end" is-config="true" duration-ms="3581" started-at="2016-08-23T17:26:05Z" finished-at="2016-08-23T17:26:09Z">
          <reporter-output>
          </reporter-output>
        </test-method> <!-- end -->
      </class> <!-- homework1.cn.homework1 -->
    </test> <!-- Default test -->
  </suite> <!-- Default suite -->
</testng-results>
